<?xml version="1.0" encoding="UTF-8"?>
<!-- Generated by org.testng.reporters.JUnitReportReporter -->
<testsuite skipped="0" hostname="NMKANNAN" name="InterviewProject.cmpute.io.testExecution" tests="7" failures="0" timestamp="15 Aug 2017 20:13:45 GMT" time="8.503" errors="0">
  <testcase name="getResponseDetails" time="5.022" classname="InterviewProject.cmpute.io.testExecution"/>
  <testcase name="Validate_Response_Headers" time="0.026" classname="InterviewProject.cmpute.io.testExecution"/>
  <testcase name="Validate_Response_Body" time="0.954" classname="InterviewProject.cmpute.io.testExecution"/>
  <testcase name="Create_PostResource" time="0.834" classname="InterviewProject.cmpute.io.testExecution"/>
  <testcase name="DeleteResource" time="0.843" classname="InterviewProject.cmpute.io.testExecution"/>
  <testcase name="ValidateLongResponse" time="0.626" classname="InterviewProject.cmpute.io.testExecution"/>
  <testcase name="ValidateCookies" time="0.198" classname="InterviewProject.cmpute.io.testExecution"/>
</testsuite> <!-- InterviewProject.cmpute.io.testExecution -->
