<?xml version="1.0" encoding="UTF-8"?>
<!-- Generated by org.testng.reporters.JUnitReportReporter -->
<testsuite skipped="0" hostname="NMKANNAN" name="InterviewProject.cmpute.io.testExecution" tests="7" failures="0" timestamp="15 Aug 2017 19:56:07 GMT" time="8.598" errors="0">
  <testcase name="getResponseDetails" time="4.695" classname="InterviewProject.cmpute.io.testExecution"/>
  <testcase name="Validate_Response_Headers" time="0.028" classname="InterviewProject.cmpute.io.testExecution"/>
  <testcase name="Validate_Response_Body" time="0.382" classname="InterviewProject.cmpute.io.testExecution"/>
  <testcase name="Create_PostResource" time="0.850" classname="InterviewProject.cmpute.io.testExecution"/>
  <testcase name="DeleteResource" time="1.103" classname="InterviewProject.cmpute.io.testExecution"/>
  <testcase name="ValidateLongResponse" time="1.333" classname="InterviewProject.cmpute.io.testExecution"/>
  <testcase name="ValidateCookies" time="0.207" classname="InterviewProject.cmpute.io.testExecution"/>
</testsuite> <!-- InterviewProject.cmpute.io.testExecution -->
